D:\SHOPDWG ISOMETRIC\Extended Treatment PLant\JSE-ISO-ETP.dwg,Model,1/28/2020 8:09:45 AM,User,DWG To PDF.pc3,ISO full bleed A3 (297.00 x 420.00 MM),1:1.32791,
D:\SHOPDWG ISOMETRIC\Cooling Water System chip Plant\JSE-ISO-SILO-1000.dwg,Model,1/28/2020 10:55:32 AM,User,DWG To PDF.pc3,ISO full bleed A3 (297.00 x 420.00 MM),1:23.9024,
D:\SHOPDWG ISOMETRIC\Cooling Water System chip Plant\JSE-ISO-CWS-CHIP PLANT.dwg,Model,1/29/2020 8:04:21 AM,User,DWG To PDF.pc3,ISO full bleed A3 (297.00 x 420.00 MM),1:1.32791,
D:\SHOPDWG ISOMETRIC\Water Trethman System\JSE-ISO-DR-WTP-1.dwg,Model,1/31/2020 8:57:14 AM,User,EPSON L1300 Series,A4,1:1.95481,
D:\PAINTING SQUARE\Chilled Water System\CHILLED WATER SYSTEM.dwg,Model,2/4/2020 8:28:46 AM,User,DWG To PDF.pc3,ISO full bleed A0 (841.00 x 1189.00 MM),1:0.467328,
D:\SHOPDWG ISOMETRIC\Cooling Water System chip Plant\JSE-ISO-CWS-CHIP PLANT.dwg,Model,2/5/2020 2:20:20 PM,User,DWG To PDF.pc3,ISO expand A4 (210.00 x 297.00 MM),1:1.98762,
D:\SHOPDWG PIPE SUPPORT\PIPE SUPPORT MEG TANK.dwg,Model,2/6/2020 3:24:15 PM,User,DWG To PDF.pc3,ISO full bleed A0 (841.00 x 1189.00 MM),1:2.12291,
D:\SHOPDWG ISOMETRIC\CONVIYING LINE\JSE-ISO-line Conveying Area.dwg,Model,2/7/2020 1:50:07 PM,User,DWG To PDF.pc3,ISO full bleed A0 (841.00 x 1189.00 MM),1:0.467328,
D:\SHOPDWG ISOMETRIC\CONVIYING LINE\JSE-ISO-line Conveying Area.dwg,Model,2/7/2020 1:51:12 PM,User,DWG To PDF.pc3,ISO full bleed A0 (841.00 x 1189.00 MM),1:0.467328,
D:\SHOPDWG ISOMETRIC\Cooling Water System chip Plant\JSE-ISO-CWS-CHIP PLANT.dwg,Model,2/8/2020 11:02:35 AM,User,EPSON L1300 Series,A4,1:1.95481,
D:\SHOPDWG ISOMETRIC\Cooling Water System chip Plant\JSE-ISO-CWS-CHIP PLANT.dwg,Model,2/8/2020 11:03:25 AM,User,EPSON L1300 Series,A4,1:1.95481,
D:\SHOPDWG ISOMETRIC\Cooling Water System chip Plant\JSE-ISO-CWS-CHIP PLANT.dwg,Model,2/8/2020 11:03:38 AM,User,EPSON L1300 Series,A4,1:1.95481,
D:\SHOPDWG ISOMETRIC\Cooling Water System chip Plant\JSE-ISO-CWS-CHIP PLANT.dwg,Model,2/8/2020 11:03:51 AM,User,EPSON L1300 Series,A4,1:1.95481,
D:\SHOPDWG ISOMETRIC\Cooling Water System chip Plant\JSE-ISO-CWS-CHIP PLANT.dwg,Model,2/8/2020 11:04:02 AM,User,EPSON L1300 Series,A4,1:1.95481,
D:\SHOPDWG ISOMETRIC\Cooling Water System chip Plant\JSE-ISO-CWS-CHIP PLANT.dwg,Model,2/8/2020 11:09:53 AM,User,DWG To PDF.pc3,ISO full bleed A0 (841.00 x 1189.00 MM),1:0.467328,
D:\SHOPDWG ISOMETRIC\Demin Water\JSE-ISO-DW-DN40.dwg,Model,2/10/2020 11:09:34 AM,User,EPSON L1300 Series,A4,1:1.95481,
D:\SHOPDWG ISOMETRIC\Demin Water\JSE-ISO-DW-DN40.dwg,Model,2/10/2020 2:02:06 PM,User,EPSON L1300 Series,A4,1:1.95481,
D:\SHOPDWG ISOMETRIC\Demin Water\JSE-ISO-DW-DN40.dwg,Model,2/10/2020 3:08:28 PM,User,EPSON L1300 Series,A4,1:1.95481,
D:\SHOPDWG PIPE SUPPORT\SUP-CONVEYING.dwg,Model,2/13/2020 8:35:57 AM,User,EPSON L1300 Series,A4,1:4.49944,
D:\SHOPDWG PIPE SUPPORT\SUP-CONVEYING.dwg,Model,2/13/2020 8:36:08 AM,User,EPSON L1300 Series,A4,1:3.74953,
D:\SHOPDWG PIPE SUPPORT\SUP-CONVEYING.dwg,Model,2/13/2020 8:36:20 AM,User,EPSON L1300 Series,A4,1:7.49906,
D:\SHOPDWG PIPE SUPPORT\SUP-CONVEYING.dwg,Model,2/13/2020 8:36:33 AM,User,EPSON L1300 Series,A4,1:5.24934,
D:\SHOPDWG PIPE SUPPORT\SUP-DETAIL ETP.dwg,Model,2/14/2020 1:37:25 PM,User,EPSON L1300 Series,A4,1:7.49906,
D:\SHOPDWG PIPE SUPPORT\SUP-DETAIL ETP.dwg,Model,2/14/2020 1:39:03 PM,User,EPSON L1300 Series,A4,1:3.74953,
D:\SHOPDWG PIPE SUPPORT\Handrail Pipe Silo 1000.dwg,Model,2/19/2020 2:10:31 PM,User,DWG To PDF.pc3,ISO full bleed A3 (297.00 x 420.00 MM),1:46.5807,
D:\SHOPDWG PIPE SUPPORT\Handrail Pipe Silo 1000.dwg,Model,2/19/2020 3:41:07 PM,User,DWG To PDF.pc3,ISO full bleed A3 (297.00 x 420.00 MM),1:46.5807,
D:\SHOPDWG PIPE SUPPORT\Handrail Pipe Silo 1000.dwg,Model,2/20/2020 8:47:11 AM,User,DWG To PDF.pc3,ISO full bleed A3 (297.00 x 420.00 MM),1:33.6416,
D:\SHOPDWG PIPE SUPPORT\Handrail Pipe Silo 1000.dwg,Model,2/22/2020 9:49:31 AM,User,DWG To PDF.pc3,ISO full bleed A3 (297.00 x 420.00 MM),1:46.5807,
D:\SHOPDWG PIPE SUPPORT\Handrail Pipe Silo 1000.dwg,Model,2/22/2020 10:17:23 AM,User,DWG To PDF.pc3,ISO full bleed A3 (297.00 x 420.00 MM),1:33.6416,
D:\SHOPDWG ISOMETRIC\Shoft Water Cooling Water\JSE-ISO-SWR-DN65-1.dwg,Model,2/24/2020 8:46:09 AM,User,EPSON L1300 Series,A4,1:1.95499,
D:\SHOPDWG ISOMETRIC\Hot Oil Cooking Line\JSE-ISO-CL-DN25.dwg,Model,2/24/2020 8:46:45 AM,User,EPSON L1300 Series,A4,1:1.95481,
D:\SHOPDWG ISOMETRIC\Shoft Water Cooling Water\JSE-ISO-SWR-DN65-1.dwg,Model,2/24/2020 3:08:08 PM,User,EPSON L1300 Series,A4,1:1.95499,
D:\SHOPDWG ISOMETRIC\Hot Oil Cooking Line\JSE-ISO-CL-DN25.dwg,Model,2/24/2020 3:08:27 PM,User,EPSON L1300 Series,A4,1:1.95481,
D:\SHOPDWG ISOMETRIC\Shoft Water Cooling Water\JSE-ISO-SWR-DN65-1.dwg,Model,2/24/2020 3:15:24 PM,User,EPSON L1300 Series,A4,1:1.95499,
D:\SHOPDWG ISOMETRIC\Hot Oil Cooking Line\JSE-ISO-CL-DN25.dwg,Model,2/25/2020 10:07:25 AM,User,DWG To PDF.pc3,ISO expand A4 (210.00 x 297.00 MM),1:1.98762,
D:\SHOPDWG ISOMETRIC\ADDITIONAL PIPE SPOOL DN25\JSE-ISO-CHP-DN25.dwg,Model,2/25/2020 11:52:57 AM,User,DWG To PDF.pc3,ISO full bleed A3 (297.00 x 420.00 MM),1:1.32791,
D:\SHOPDWG ISOMETRIC\Waste Water Stripper Facility\1M1726-05-S50-0001.dwg,Model,2/28/2020 5:16:51 PM,User,EPSON L1300 Series,A4,1:18028,
D:\SHOPDWG PIPE SUPPORT\Waste Water Stripper.dwg,Model,3/6/2020 10:05:30 AM,User,EPSON L1300 Series,A4,1:6.17506,
D:\SHOPDWG PIPE SUPPORT\Waste Water Stripper.dwg,Model,3/6/2020 10:05:47 AM,User,EPSON L1300 Series,A4,1:7.49728,
D:\SHOPDWG PIPE SUPPORT\Waste Water Stripper.dwg,Model,3/6/2020 10:06:00 AM,User,EPSON L1300 Series,A4,1:6.28533,
D:\SHOPDWG PIPE SUPPORT\Waste Water Stripper.dwg,Model,3/6/2020 10:06:13 AM,User,EPSON L1300 Series,A4,1:8.35593,
D:\SHOPDWG PIPE SUPPORT\Waste Water Stripper.dwg,Model,3/6/2020 10:06:29 AM,User,EPSON L1300 Series,A4,1:8.85425,
D:\SHOPDWG PIPE SUPPORT\Waste Water Stripper.dwg,Model,3/6/2020 10:07:51 AM,User,EPSON L1300 Series,A4,1:12.311,
D:\SHOPDWG ISOMETRIC\Waste Water Stripper Facility\1M1726-05-S50-0001.dwg,Model,3/6/2020 10:09:11 AM,User,EPSON L1300 Series,A4,1:16589.3,
D:\SHOPDWG PIPE SUPPORT\Detail Support Chips Plan +19.000 FL.dwg,Model,3/11/2020 8:21:06 AM,User,EPSON L1300 Series,A4,1:25.2718,
D:\SHOPDWG PIPE SUPPORT\Detail Support Chips Plan +19.000 FL.dwg,Model,3/11/2020 8:22:20 AM,User,EPSON L1300 Series,A4,1:25.0594,
D:\SHOPDWG PIPE SUPPORT\Detail Support Chips Plan +19.000 FL.dwg,Model,3/11/2020 8:23:08 AM,User,EPSON L1300 Series,A4,1:24.8737,
D:\SHOPDWG PIPE SUPPORT\Detail Support Chips Plan +19.000 FL.dwg,Model,3/11/2020 8:23:28 AM,User,EPSON L3110 Series,A4,1:23.933,
D:\SHOPDWG PIPE SUPPORT\Detail Support Chips Plan +19.000 FL.dwg,Model,3/17/2020 9:37:13 AM,User,EPSON L3110 Series,A4,1:14.5555,
D:\TUGAS\KANTOR\DRAWING PAK ALOY\ASBUILT DWG MERAUKE\ISOMETRIC MERAUKE\ISOMETRIC DRAWING  OUT LET PIPE.dwg,Model,5/4/2020 2:55:25 PM,User,\\10.10.13.55\EPSON L1300 Series (Copy 1),A3 297 x 420 mm,1:364.525,
D:\TUGAS\KANTOR\DRAWING PAK H.MASNUR\CIVIL DOVER 2020\FOUNDATION OF STORAGE TANK 10.000 KL DOVER REV 1.dwg,Model,5/5/2020 9:32:08 AM,User,DWG To PDF.pc3,ISO full bleed A3 (297.00 x 420.00 MM),1:28.246,
D:\JSE PROJECT SERANG\tegal baru\310320\LAYOUT PIPING STORAGE TANK 3000KL.dwg,GA EXSPANTION,6/9/2020 2:22:40 PM,User,\\10.10.13.55\EPSON L1300 Series (Copy 1),A3 297 x 420 mm,1:0.999689,
D:\JSE PROJECT SERANG\TANJUNG GEREM\Hydroponik Rangka Pipa.dwg,Model,6/12/2020 3:21:52 PM,User,\\10.10.13.55\EPSON L1300 Series (Copy 1),A4 210 x 297 mm,1:4.05551,
D:\JSE PROJECT SERANG\TANJUNG GEREM\Hydroponik Rangka Pipa.dwg,Model,6/12/2020 3:22:43 PM,User,\\10.10.13.55\EPSON L1300 Series (Copy 1),A4 210 x 297 mm,1:4.05551,
D:\JSE PROJECT SERANG\TANJUNG GEREM\11-06-2020.dwg\LAYOUT PIPING TANJUNG GEREM VISIT.dwg,Model,6/16/2020 3:21:55 PM,User,DWG To PDF.pc3,ISO expand A4 (210.00 x 297.00 MM),1:687.06,
D:\JSE PROJECT SERANG\TANJUNG GEREM\11-06-2020.dwg\LAYOUT PIPING TANJUNG GEREM VISIT.dwg,Model,6/18/2020 4:00:34 PM,User,DWG To PDF.pc3,ISO full bleed A3 (420.00 x 297.00 MM),1:452.957,
D:\JSE PROJECT SERANG\TANJUNG GEREM\PROGRESS PIPE SPINGKER\PIPE SPINKLER GEREM-R0.dwg,PLAN VIEW,7/1/2020 2:00:09 PM,User,\\10.10.13.55\EPSON L1300 Series (Copy 1),A3 297 x 420 mm,1:2.05458,
D:\JSE PROJECT SERANG\TANJUNG GEREM\PROGRESS PIPE SPINGKER\PIPE SPINKLER GEREM-R0.dwg,PLAN VIEW,7/1/2020 2:04:20 PM,User,\\10.10.13.55\EPSON L1300 Series (Copy 1),A3 297 x 420 mm,1:2.05458,
D:\JSE PROJECT SERANG\TANJUNG GEREM\PROGRESS PIPE SPINGKER\PIPE SPINKLER GEREM-R0.dwg,PLAN VIEW,7/1/2020 2:06:26 PM,User,\\10.10.13.55\EPSON L1300 Series (Copy 1),A3 297 x 420 mm,1:2.05458,
D:\JSE PROJECT SERANG\TANJUNG GEREM\PROGRESS PIPE SPINGKER\PIPE SPINKLER GEREM-R0.dwg,ELEVATION,7/1/2020 2:07:08 PM,User,\\10.10.13.55\EPSON L1300 Series (Copy 1),A3 297 x 420 mm,1:2.05458,
D:\JSE PROJECT SERANG\TANJUNG GEREM\PROGRESS PIPE SPINGKER\PIPE SPINKLER GEREM-R0.dwg,ELEVATION,7/1/2020 2:08:03 PM,User,\\10.10.13.55\EPSON L1300 Series (Copy 1),A3 297 x 420 mm,1:2.05458,
D:\JSE PROJECT SERANG\TANJUNG GEREM\PROGRESS PIPE SPINGKER\PIPE SPINKLER GEREM-R0.dwg,PLAN VIEW,7/1/2020 2:15:23 PM,User,\\10.10.13.55\EPSON L1300 Series (Copy 1),A3 297 x 420 mm,1:2.05458,
D:\JSE PROJECT SERANG\TANJUNG GEREM\PROGRESS PIPE SPINGKER\PIPE SPINKLER GEREM-R0.dwg,ELEVATION,7/1/2020 2:16:25 PM,User,\\10.10.13.55\EPSON L1300 Series (Copy 1),A3 297 x 420 mm,1:2.05458,
D:\JSE PROJECT SERANG\TANJUNG GEREM\PROGRESS PIPE SPINGKER\PIPE SPINKLER GEREM-R0.dwg,PLAN VIEW,7/1/2020 2:16:42 PM,User,\\10.10.13.55\EPSON L1300 Series (Copy 1),A3 297 x 420 mm,1:2.05458,
D:\JSE PROJECT SERANG\TANJUNG GEREM\PROGRESS PIPE SPINGKER\Plan View-R0.dwg,Model,7/6/2020 2:24:13 PM,User,PublishToWeb JPG.pc3,Previous paper size  (297.00 x 420.00 pixels),1:23.0392,
